Build started 8/26/2016 11:16:16 AM.
     1>Project "C:\Users\fvtx\Documents\online\fvtx\GUI\read_DAQ.vcxproj" on node 2 (build target(s)).
     1>InitializeBuildStatus:
         Touching "Release\read_DAQ.unsuccessfulbuild".
       ClCompile:
         c:\Program Files\Microsoft Visual Studio 10.0\VC\bin\CL.exe /c /Zi /nologo /W3 /WX- /O2 /Oy- /D WIN32 /D NDEBUG /D _CONSOLE /Gm- /EHsc /MD /GS /fp:precise /Zc:wchar_t /Zc:forScope /Fo"Release\\" /Fd"Release\vc100.pdb" /Gd /TC /analyze- /errorReport:prompt read_DAQ.c
         read_DAQ.c
     1>c:\Program Files\Microsoft Visual Studio 10.0\VC\include\cmath(19): error C2061: syntax error : identifier 'acosf'
     1>c:\Program Files\Microsoft Visual Studio 10.0\VC\include\cmath(19): error C2059: syntax error : ';'
     1>c:\Program Files\Microsoft Visual Studio 10.0\VC\include\cmath(19): error C2061: syntax error : identifier 'asinf'
     1>c:\Program Files\Microsoft Visual Studio 10.0\VC\include\cmath(19): error C2059: syntax error : ';'
     1>c:\Program Files\Microsoft Visual Studio 10.0\VC\include\cmath(20): error C2061: syntax error : identifier 'atanf'
     1>c:\Program Files\Microsoft Visual Studio 10.0\VC\include\cmath(20): error C2059: syntax error : ';'
     1>c:\Program Files\Microsoft Visual Studio 10.0\VC\include\cmath(20): error C2061: syntax error : identifier 'atan2f'
     1>c:\Program Files\Microsoft Visual Studio 10.0\VC\include\cmath(20): error C2059: syntax error : ';'
     1>c:\Program Files\Microsoft Visual Studio 10.0\VC\include\cmath(20): error C2061: syntax error : identifier 'ceilf'
     1>c:\Program Files\Microsoft Visual Studio 10.0\VC\include\cmath(20): error C2059: syntax error : ';'
     1>c:\Program Files\Microsoft Visual Studio 10.0\VC\include\cmath(21): error C2061: syntax error : identifier 'cosf'
     1>c:\Program Files\Microsoft Visual Studio 10.0\VC\include\cmath(21): error C2059: syntax error : ';'
     1>c:\Program Files\Microsoft Visual Studio 10.0\VC\include\cmath(21): error C2061: syntax error : identifier 'coshf'
     1>c:\Program Files\Microsoft Visual Studio 10.0\VC\include\cmath(21): error C2059: syntax error : ';'
     1>c:\Program Files\Microsoft Visual Studio 10.0\VC\include\cmath(21): error C2061: syntax error : identifier 'expf'
     1>c:\Program Files\Microsoft Visual Studio 10.0\VC\include\cmath(21): error C2059: syntax error : ';'
     1>c:\Program Files\Microsoft Visual Studio 10.0\VC\include\cmath(22): error C2061: syntax error : identifier 'fabsf'
     1>c:\Program Files\Microsoft Visual Studio 10.0\VC\include\cmath(22): error C2059: syntax error : ';'
     1>c:\Program Files\Microsoft Visual Studio 10.0\VC\include\cmath(22): error C2061: syntax error : identifier 'floorf'
     1>c:\Program Files\Microsoft Visual Studio 10.0\VC\include\cmath(22): error C2059: syntax error : ';'
     1>c:\Program Files\Microsoft Visual Studio 10.0\VC\include\cmath(22): error C2061: syntax error : identifier 'fmodf'
     1>c:\Program Files\Microsoft Visual Studio 10.0\VC\include\cmath(22): error C2059: syntax error : ';'
     1>c:\Program Files\Microsoft Visual Studio 10.0\VC\include\cmath(23): error C2061: syntax error : identifier 'frexpf'
     1>c:\Program Files\Microsoft Visual Studio 10.0\VC\include\cmath(23): error C2059: syntax error : ';'
     1>c:\Program Files\Microsoft Visual Studio 10.0\VC\include\cmath(23): error C2061: syntax error : identifier 'ldexpf'
     1>c:\Program Files\Microsoft Visual Studio 10.0\VC\include\cmath(23): error C2059: syntax error : ';'
     1>c:\Program Files\Microsoft Visual Studio 10.0\VC\include\cmath(23): error C2061: syntax error : identifier 'logf'
     1>c:\Program Files\Microsoft Visual Studio 10.0\VC\include\cmath(23): error C2059: syntax error : ';'
     1>c:\Program Files\Microsoft Visual Studio 10.0\VC\include\cmath(24): error C2061: syntax error : identifier 'log10f'
     1>c:\Program Files\Microsoft Visual Studio 10.0\VC\include\cmath(24): error C2059: syntax error : ';'
     1>c:\Program Files\Microsoft Visual Studio 10.0\VC\include\cmath(24): error C2061: syntax error : identifier 'modff'
     1>c:\Program Files\Microsoft Visual Studio 10.0\VC\include\cmath(24): error C2059: syntax error : ';'
     1>c:\Program Files\Microsoft Visual Studio 10.0\VC\include\cmath(24): error C2061: syntax error : identifier 'powf'
     1>c:\Program Files\Microsoft Visual Studio 10.0\VC\include\cmath(24): error C2059: syntax error : ';'
     1>c:\Program Files\Microsoft Visual Studio 10.0\VC\include\cmath(25): error C2061: syntax error : identifier 'sinf'
     1>c:\Program Files\Microsoft Visual Studio 10.0\VC\include\cmath(25): error C2059: syntax error : ';'
     1>c:\Program Files\Microsoft Visual Studio 10.0\VC\include\cmath(25): error C2061: syntax error : identifier 'sinhf'
     1>c:\Program Files\Microsoft Visual Studio 10.0\VC\include\cmath(25): error C2059: syntax error : ';'
     1>c:\Program Files\Microsoft Visual Studio 10.0\VC\include\cmath(25): error C2061: syntax error : identifier 'sqrtf'
     1>c:\Program Files\Microsoft Visual Studio 10.0\VC\include\cmath(25): error C2059: syntax error : ';'
     1>c:\Program Files\Microsoft Visual Studio 10.0\VC\include\cmath(26): error C2061: syntax error : identifier 'tanf'
     1>c:\Program Files\Microsoft Visual Studio 10.0\VC\include\cmath(26): error C2059: syntax error : ';'
     1>c:\Program Files\Microsoft Visual Studio 10.0\VC\include\cmath(26): error C2061: syntax error : identifier 'tanhf'
     1>c:\Program Files\Microsoft Visual Studio 10.0\VC\include\cmath(26): error C2059: syntax error : ';'
     1>c:\Program Files\Microsoft Visual Studio 10.0\VC\include\cmath(28): error C2061: syntax error : identifier 'acosl'
     1>c:\Program Files\Microsoft Visual Studio 10.0\VC\include\cmath(28): error C2059: syntax error : ';'
     1>c:\Program Files\Microsoft Visual Studio 10.0\VC\include\cmath(28): error C2061: syntax error : identifier 'asinl'
     1>c:\Program Files\Microsoft Visual Studio 10.0\VC\include\cmath(28): error C2059: syntax error : ';'
     1>c:\Program Files\Microsoft Visual Studio 10.0\VC\include\cmath(29): error C2061: syntax error : identifier 'atanl'
     1>c:\Program Files\Microsoft Visual Studio 10.0\VC\include\cmath(29): error C2059: syntax error : ';'
     1>c:\Program Files\Microsoft Visual Studio 10.0\VC\include\cmath(29): error C2061: syntax error : identifier 'atan2l'
     1>c:\Program Files\Microsoft Visual Studio 10.0\VC\include\cmath(29): error C2059: syntax error : ';'
     1>c:\Program Files\Microsoft Visual Studio 10.0\VC\include\cmath(29): error C2061: syntax error : identifier 'ceill'
     1>c:\Program Files\Microsoft Visual Studio 10.0\VC\include\cmath(29): error C2059: syntax error : ';'
     1>c:\Program Files\Microsoft Visual Studio 10.0\VC\include\cmath(30): error C2061: syntax error : identifier 'cosl'
     1>c:\Program Files\Microsoft Visual Studio 10.0\VC\include\cmath(30): error C2059: syntax error : ';'
     1>c:\Program Files\Microsoft Visual Studio 10.0\VC\include\cmath(30): error C2061: syntax error : identifier 'coshl'
     1>c:\Program Files\Microsoft Visual Studio 10.0\VC\include\cmath(30): error C2059: syntax error : ';'
     1>c:\Program Files\Microsoft Visual Studio 10.0\VC\include\cmath(30): error C2061: syntax error : identifier 'expl'
     1>c:\Program Files\Microsoft Visual Studio 10.0\VC\include\cmath(30): error C2059: syntax error : ';'
     1>c:\Program Files\Microsoft Visual Studio 10.0\VC\include\cmath(31): error C2061: syntax error : identifier 'fabsl'
     1>c:\Program Files\Microsoft Visual Studio 10.0\VC\include\cmath(31): error C2059: syntax error : ';'
     1>c:\Program Files\Microsoft Visual Studio 10.0\VC\include\cmath(31): error C2061: syntax error : identifier 'floorl'
     1>c:\Program Files\Microsoft Visual Studio 10.0\VC\include\cmath(31): error C2059: syntax error : ';'
     1>c:\Program Files\Microsoft Visual Studio 10.0\VC\include\cmath(31): error C2061: syntax error : identifier 'fmodl'
     1>c:\Program Files\Microsoft Visual Studio 10.0\VC\include\cmath(31): error C2059: syntax error : ';'
     1>c:\Program Files\Microsoft Visual Studio 10.0\VC\include\cmath(32): error C2061: syntax error : identifier 'frexpl'
     1>c:\Program Files\Microsoft Visual Studio 10.0\VC\include\cmath(32): error C2059: syntax error : ';'
     1>c:\Program Files\Microsoft Visual Studio 10.0\VC\include\cmath(32): error C2061: syntax error : identifier 'ldexpl'
     1>c:\Program Files\Microsoft Visual Studio 10.0\VC\include\cmath(32): error C2059: syntax error : ';'
     1>c:\Program Files\Microsoft Visual Studio 10.0\VC\include\cmath(32): error C2061: syntax error : identifier 'logl'
     1>c:\Program Files\Microsoft Visual Studio 10.0\VC\include\cmath(32): error C2059: syntax error : ';'
     1>c:\Program Files\Microsoft Visual Studio 10.0\VC\include\cmath(33): error C2061: syntax error : identifier 'log10l'
     1>c:\Program Files\Microsoft Visual Studio 10.0\VC\include\cmath(33): error C2059: syntax error : ';'
     1>c:\Program Files\Microsoft Visual Studio 10.0\VC\include\cmath(33): error C2061: syntax error : identifier 'modfl'
     1>c:\Program Files\Microsoft Visual Studio 10.0\VC\include\cmath(33): error C2059: syntax error : ';'
     1>c:\Program Files\Microsoft Visual Studio 10.0\VC\include\cmath(33): error C2061: syntax error : identifier 'powl'
     1>c:\Program Files\Microsoft Visual Studio 10.0\VC\include\cmath(33): error C2059: syntax error : ';'
     1>c:\Program Files\Microsoft Visual Studio 10.0\VC\include\cmath(34): error C2061: syntax error : identifier 'sinl'
     1>c:\Program Files\Microsoft Visual Studio 10.0\VC\include\cmath(34): error C2059: syntax error : ';'
     1>c:\Program Files\Microsoft Visual Studio 10.0\VC\include\cmath(34): error C2061: syntax error : identifier 'sinhl'
     1>c:\Program Files\Microsoft Visual Studio 10.0\VC\include\cmath(34): error C2059: syntax error : ';'
     1>c:\Program Files\Microsoft Visual Studio 10.0\VC\include\cmath(34): error C2061: syntax error : identifier 'sqrtl'
     1>c:\Program Files\Microsoft Visual Studio 10.0\VC\include\cmath(34): error C2059: syntax error : ';'
     1>c:\Program Files\Microsoft Visual Studio 10.0\VC\include\cmath(35): error C2061: syntax error : identifier 'tanl'
     1>c:\Program Files\Microsoft Visual Studio 10.0\VC\include\cmath(35): error C2059: syntax error : ';'
     1>c:\Program Files\Microsoft Visual Studio 10.0\VC\include\cmath(35): error C2061: syntax error : identifier 'tanhl'
     1>c:\Program Files\Microsoft Visual Studio 10.0\VC\include\cmath(35): error C2059: syntax error : ';'
     1>c:\Program Files\Microsoft Visual Studio 10.0\VC\include\cmath(37): error C2061: syntax error : identifier 'abs'
     1>c:\Program Files\Microsoft Visual Studio 10.0\VC\include\cmath(37): error C2059: syntax error : ';'
     1>c:\Program Files\Microsoft Visual Studio 10.0\VC\include\cmath(39): error C2061: syntax error : identifier 'acos'
     1>c:\Program Files\Microsoft Visual Studio 10.0\VC\include\cmath(39): error C2059: syntax error : ';'
     1>c:\Program Files\Microsoft Visual Studio 10.0\VC\include\cmath(39): error C2061: syntax error : identifier 'asin'
     1>c:\Program Files\Microsoft Visual Studio 10.0\VC\include\cmath(39): error C2059: syntax error : ';'
     1>c:\Program Files\Microsoft Visual Studio 10.0\VC\include\cmath(40): error C2061: syntax error : identifier 'atan'
     1>c:\Program Files\Microsoft Visual Studio 10.0\VC\include\cmath(40): error C2059: syntax error : ';'
     1>c:\Program Files\Microsoft Visual Studio 10.0\VC\include\cmath(40): error C2061: syntax error : identifier 'atan2'
     1>c:\Program Files\Microsoft Visual Studio 10.0\VC\include\cmath(40): error C2059: syntax error : ';'
     1>c:\Program Files\Microsoft Visual Studio 10.0\VC\include\cmath(40): error C2061: syntax error : identifier 'ceil'
     1>c:\Program Files\Microsoft Visual Studio 10.0\VC\include\cmath(40): error C2059: syntax error : ';'
     1>c:\Program Files\Microsoft Visual Studio 10.0\VC\include\cmath(41): error C2061: syntax error : identifier 'cos'
     1>c:\Program Files\Microsoft Visual Studio 10.0\VC\include\cmath(41): fatal error C1003: error count exceeds 100; stopping compilation
     1>Done Building Project "C:\Users\fvtx\Documents\online\fvtx\GUI\read_DAQ.vcxproj" (build target(s)) -- FAILED.

Build FAILED.

Time Elapsed 00:00:02.62
